#
# There is insufficient memory for the Java Runtime Environment to continue.
# Native memory allocation (mmap) failed to map 65536 bytes for Failed to commit metaspace.
# Possible reasons:
#   The system is out of physical RAM or swap space
#   The process is running with CompressedOops enabled, and the Java Heap may be blocking the growth of the native heap
# Possible solutions:
#   Reduce memory load on the system
#   Increase physical memory or swap space
#   Check if swap backing store is full
#   Decrease Java heap size (-Xmx/-Xms)
#   Decrease number of Java threads
#   Decrease Java thread stack sizes (-Xss)
#   Set larger code cache with -XX:ReservedCodeCacheSize=
#   JVM is running with Unscaled Compressed Oops mode in which the Java heap is
#     placed in the first 4GB address space. The Java Heap base address is the
#     maximum limit for the native heap growth. Please use -XX:HeapBaseMinAddress
#     to set the Java Heap base and to place the Java Heap above 4GB virtual address.
# This output file may be truncated or incomplete.
#
#  Out of Memory Error (virtualSpaceNode.cpp:110), pid=5848, tid=6172
#
# JRE version: OpenJDK Runtime Environment JBR-17.0.3+7-469.37-jcef (17.0.3+7) (build 17.0.3+7-b469.37)
# Java VM: OpenJDK 64-Bit Server VM JBR-17.0.3+7-469.37-jcef (17.0.3+7-b469.37, mixed mode, tiered, compressed oops, compressed class ptrs, g1 gc, windows-amd64)
# No core dump will be written. Minidumps are not enabled by default on client versions of Windows
#

---------------  S U M M A R Y ------------

Command Line: git4idea.http.GitAskPassApp Username for 'https://github.com': 

Host: Intel(R) Celeron(R) CPU B830 @ 1.80GHz, 2 cores, 5G,  Windows 10 , 64 bit Build 19041 (10.0.19041.2788)
Time: Sun May  7 20:35:25 2023 ora legale Europa occidentale elapsed time: 0.304814 seconds (0d 0h 0m 0s)

---------------  T H R E A D  ---------------

Current thread (0x0000023ed30f0c20):  JavaThread "main" [_thread_in_vm, id=6172, stack(0x0000009c0c600000,0x0000009c0c700000)]

Stack: [0x0000009c0c600000,0x0000009c0c700000]
Native frames: (J=compiled Java code, j=interpreted, Vv=VM code, C=native code)
V  [jvm.dll+0x681f8a]
V  [jvm.dll+0x83e374]
V  [jvm.dll+0x83fb1e]
V  [jvm.dll+0x840183]
V  [jvm.dll+0x2492a5]
V  [jvm.dll+0x83a3cb]
V  [jvm.dll+0x626586]
V  [jvm.dll+0x1c11ae]
V  [jvm.dll+0x628ec1]
V  [jvm.dll+0x626f26]
V  [jvm.dll+0x3700b2]
V  [jvm.dll+0x1e4e0b]
V  [jvm.dll+0x546de6]
V  [jvm.dll+0x1f3e9b]
V  [jvm.dll+0x7b837b]
V  [jvm.dll+0x7b97c2]
V  [jvm.dll+0x7b9af8]
V  [jvm.dll+0x411059]
V  [jvm.dll+0x3f32e6]
V  [jvm.dll+0x3f1d7a]
V  [jvm.dll+0x3e0f0b]
V  [jvm.dll+0x6a0042]
C  0x0000023ed805d48c

Java frames: (J=compiled Java code, j=interpreted, Vv=VM code)
j  jdk.internal.perf.Perf.createLong(Ljava/lang/String;IIJ)Ljava/nio/ByteBuffer;+0 java.base@17.0.3
j  jdk.internal.perf.PerfCounter.<init>(Ljava/lang/String;I)V+16 java.base@17.0.3
j  jdk.internal.perf.PerfCounter.newPerfCounter(Ljava/lang/String;)Ljdk/internal/perf/PerfCounter;+6 java.base@17.0.3
j  jdk.internal.perf.PerfCounter$CoreCounters.<clinit>()V+2 java.base@17.0.3
v  ~StubRoutines::call_stub
j  jdk.internal.perf.PerfCounter.getZipFileOpenTime()Ljdk/internal/perf/PerfCounter;+0 java.base@17.0.3
j  java.util.zip.ZipFile.<init>(Ljava/io/File;ILjava/nio/charset/Charset;)V+129 java.base@17.0.3
j  java.util.zip.ZipFile.<init>(Ljava/io/File;I)V+6 java.base@17.0.3
j  java.util.jar.JarFile.<init>(Ljava/io/File;ZILjava/lang/Runtime$Version;)V+3 java.base@17.0.3
j  jdk.internal.loader.URLClassPath$JarLoader.getJarFile(Ljava/net/URL;)Ljava/util/jar/JarFile;+56 java.base@17.0.3
j  jdk.internal.loader.URLClassPath$JarLoader$1.run()Ljava/lang/Void;+55 java.base@17.0.3
j  jdk.internal.loader.URLClassPath$JarLoader$1.run()Ljava/lang/Object;+1 java.base@17.0.3
j  java.security.AccessController.executePrivileged(Ljava/security/PrivilegedExceptionAction;Ljava/security/AccessControlContext;Ljava/lang/Class;)Ljava/lang/Object;+29 java.base@17.0.3
j  java.security.AccessController.doPrivileged(Ljava/security/PrivilegedExceptionAction;Ljava/security/AccessControlContext;)Ljava/lang/Object;+13 java.base@17.0.3
j  jdk.internal.loader.URLClassPath$JarLoader.ensureOpen()V+19 java.base@17.0.3
j  jdk.internal.loader.URLClassPath$JarLoader.<init>(Ljava/net/URL;Ljava/net/URLStreamHandler;Ljava/util/HashMap;Ljava/security/AccessControlContext;)V+63 java.base@17.0.3
j  jdk.internal.loader.URLClassPath$3.run()Ljdk/internal/loader/URLClassPath$Loader;+168 java.base@17.0.3
j  jdk.internal.loader.URLClassPath$3.run()Ljava/lang/Object;+1 java.base@17.0.3
j  java.security.AccessController.executePrivileged(Ljava/security/PrivilegedExceptionAction;Ljava/security/AccessControlContext;Ljava/lang/Class;)Ljava/lang/Object;+29 java.base@17.0.3
j  java.security.AccessController.doPrivileged(Ljava/security/PrivilegedExceptionAction;Ljava/security/AccessControlContext;)Ljava/lang/Object;+13 java.base@17.0.3
j  jdk.internal.loader.URLClassPath.getLoader(Ljava/net/URL;)Ljdk/internal/loader/URLClassPath$Loader;+13 java.base@17.0.3
j  jdk.internal.loader.URLClassPath.getLoader(I)Ljdk/internal/loader/URLClassPath$Loader;+81 java.base@17.0.3
j  jdk.internal.loader.URLClassPath.getResource(Ljava/lang/String;Z)Ljdk/internal/loader/Resource;+42 java.base@17.0.3
j  jdk.internal.loader.BuiltinClassLoader.findClassOnClassPathOrNull(Ljava/lang/String;)Ljava/lang/Class;+26 java.base@17.0.3
j  jdk.internal.loader.BuiltinClassLoader.loadClassOrNull(Ljava/lang/String;Z)Ljava/lang/Class;+111 java.base@17.0.3
j  jdk.internal.loader.BuiltinClassLoader.loadClass(Ljava/lang/String;Z)Ljava/lang/Class;+3 java.base@17.0.3
j  jdk.internal.loader.ClassLoaders$AppClassLoader.loadClass(Ljava/lang/String;Z)Ljava/lang/Class;+36 java.base@17.0.3
j  java.lang.ClassLoader.loadClass(Ljava/lang/String;)Ljava/lang/Class;+3 java.base@17.0.3
v  ~StubRoutines::call_stub
j  java.lang.Class.forName0(Ljava/lang/String;ZLjava/lang/ClassLoader;Ljava/lang/Class;)Ljava/lang/Class;+0 java.base@17.0.3
j  java.lang.Class.forName(Ljava/lang/String;ZLjava/lang/ClassLoader;)Ljava/lang/Class;+43 java.base@17.0.3
j  sun.launcher.LauncherHelper.loadMainClass(ILjava/lang/String;)Ljava/lang/Class;+95 java.base@17.0.3
j  sun.launcher.LauncherHelper.checkAndLoadMain(ZILjava/lang/String;)Ljava/lang/Class;+42 java.base@17.0.3
v  ~StubRoutines::call_stub

---------------  P R O C E S S  ---------------

Threads class SMR info:
_java_thread_list=0x0000023eedd435f0, length=12, elements={
0x0000023ed30f0c20, 0x0000023eed03f590, 0x0000023eed040ba0, 0x0000023eed046810,
0x0000023eed098610, 0x0000023eed09b870, 0x0000023eed09c220, 0x0000023eed09d750,
0x0000023eed0a2630, 0x0000023eed0ae3a0, 0x0000023eedd5e070, 0x0000023eedd73990
}

Java Threads: ( => current thread )
=>0x0000023ed30f0c20 JavaThread "main" [_thread_in_vm, id=6172, stack(0x0000009c0c600000,0x0000009c0c700000)]
  0x0000023eed03f590 JavaThread "Reference Handler" daemon [_thread_blocked, id=6580, stack(0x0000009c0cd00000,0x0000009c0ce00000)]
  0x0000023eed040ba0 JavaThread "Finalizer" daemon [_thread_blocked, id=1308, stack(0x0000009c0ce00000,0x0000009c0cf00000)]
  0x0000023eed046810 JavaThread "Signal Dispatcher" daemon [_thread_blocked, id=8732, stack(0x0000009c0cf00000,0x0000009c0d000000)]
  0x0000023eed098610 JavaThread "Attach Listener" daemon [_thread_blocked, id=8508, stack(0x0000009c0d000000,0x0000009c0d100000)]
  0x0000023eed09b870 JavaThread "Service Thread" daemon [_thread_blocked, id=2008, stack(0x0000009c0d100000,0x0000009c0d200000)]
  0x0000023eed09c220 JavaThread "Monitor Deflation Thread" daemon [_thread_blocked, id=9120, stack(0x0000009c0d200000,0x0000009c0d300000)]
  0x0000023eed09d750 JavaThread "C2 CompilerThread0" daemon [_thread_blocked, id=6028, stack(0x0000009c0d300000,0x0000009c0d400000)]
  0x0000023eed0a2630 JavaThread "C1 CompilerThread0" daemon [_thread_blocked, id=1896, stack(0x0000009c0d400000,0x0000009c0d500000)]
  0x0000023eed0ae3a0 JavaThread "Sweeper thread" daemon [_thread_blocked, id=7556, stack(0x0000009c0d500000,0x0000009c0d600000)]
  0x0000023eedd5e070 JavaThread "Notification Thread" daemon [_thread_blocked, id=1028, stack(0x0000009c0d600000,0x0000009c0d700000)]
  0x0000023eedd73990 JavaThread "Common-Cleaner" daemon [_thread_blocked, id=1500, stack(0x0000009c0d800000,0x0000009c0d900000)]

Other Threads:
  0x0000023eed03b0e0 VMThread "VM Thread" [stack: 0x0000009c0cc00000,0x0000009c0cd00000] [id=6352]
  0x0000023ed314ff80 WatcherThread [stack: 0x0000009c0d700000,0x0000009c0d800000] [id=1812]
  0x0000023ed313a3a0 GCTaskThread "GC Thread#0" [stack: 0x0000009c0c700000,0x0000009c0c800000] [id=4884]
  0x0000023ed3146fa0 ConcurrentGCThread "G1 Main Marker" [stack: 0x0000009c0c800000,0x0000009c0c900000] [id=2908]
  0x0000023ed3148150 ConcurrentGCThread "G1 Conc#0" [stack: 0x0000009c0c900000,0x0000009c0ca00000] [id=4976]
  0x0000023ed31a78d0 ConcurrentGCThread "G1 Refine#0" [stack: 0x0000009c0ca00000,0x0000009c0cb00000] [id=3316]
  0x0000023ed31a82f0 ConcurrentGCThread "G1 Service" [stack: 0x0000009c0cb00000,0x0000009c0cc00000] [id=6436]

Threads with active compile tasks:

VM state: not at safepoint (normal execution)

VM Mutex/Monitor currently owned by a thread:  ([mutex/lock_event])
[0x0000023ed30e9e30] Metaspace_lock - owner thread: 0x0000023ed30f0c20

Heap address: 0x00000000a1a00000, size: 1510 MB, Compressed Oops mode: 32-bit

CDS archive(s) not mapped
Compressed class space mapped at: 0x0000000100000000-0x0000000140000000, reserved size: 1073741824
Narrow klass base: 0x0000000000000000, Narrow klass shift: 3, Narrow klass range: 0x140000000

GC Precious Log:
 CPUs: 2 total, 2 available
 Memory: 6033M
 Large Page Support: Disabled
 NUMA Support: Disabled
 Compressed Oops: Enabled (32-bit)
 Heap Region Size: 1M
 Heap Min Capacity: 8M
 Heap Initial Capacity: 96M
 Heap Max Capacity: 1510M
 Pre-touch: Disabled
 Parallel Workers: 2
 Concurrent Workers: 1
 Concurrent Refinement Workers: 2
 Periodic GC: Disabled

Heap:
 garbage-first heap   total 98304K, used 0K [0x00000000a1a00000, 0x0000000100000000)
  region size 1024K, 1 young (1024K), 0 survivors (0K)
 Metaspace       used 4525K, committed 4544K, reserved 1056768K
  class space    used 382K, committed 384K, reserved 1048576K

Heap Regions: E=young(eden), S=young(survivor), O=old, HS=humongous(starts), HC=humongous(continues), CS=collection set, F=free, OA=open archive, CA=closed archive, TAMS=top-at-mark-start (previous, next)
|   0|0x00000000a1a00000, 0x00000000a1a00000, 0x00000000a1b00000|  0%| F|  |TAMS 0x00000000a1a00000, 0x00000000a1a00000| Untracked 
|   1|0x00000000a1b00000, 0x00000000a1b00000, 0x00000000a1c00000|  0%| F|  |TAMS 0x00000000a1b00000, 0x00000000a1b00000| Untracked 
|   2|0x00000000a1c00000, 0x00000000a1c00000, 0x00000000a1d00000|  0%| F|  |TAMS 0x00000000a1c00000, 0x00000000a1c00000| Untracked 
|   3|0x00000000a1d00000, 0x00000000a1d00000, 0x00000000a1e00000|  0%| F|  |TAMS 0x00000000a1d00000, 0x00000000a1d00000| Untracked 
|   4|0x00000000a1e00000, 0x00000000a1e00000, 0x00000000a1f00000|  0%| F|  |TAMS 0x00000000a1e00000, 0x00000000a1e00000| Untracked 
|   5|0x00000000a1f00000, 0x00000000a1f00000, 0x00000000a2000000|  0%| F|  |TAMS 0x00000000a1f00000, 0x00000000a1f00000| Untracked 
|   6|0x00000000a2000000, 0x00000000a2000000, 0x00000000a2100000|  0%| F|  |TAMS 0x00000000a2000000, 0x00000000a2000000| Untracked 
|   7|0x00000000a2100000, 0x00000000a2100000, 0x00000000a2200000|  0%| F|  |TAMS 0x00000000a2100000, 0x00000000a2100000| Untracked 
|   8|0x00000000a2200000, 0x00000000a2200000, 0x00000000a2300000|  0%| F|  |TAMS 0x00000000a2200000, 0x00000000a2200000| Untracked 
|   9|0x00000000a2300000, 0x00000000a2300000, 0x00000000a2400000|  0%| F|  |TAMS 0x00000000a2300000, 0x00000000a2300000| Untracked 
|  10|0x00000000a2400000, 0x00000000a2400000, 0x00000000a2500000|  0%| F|  |TAMS 0x00000000a2400000, 0x00000000a2400000| Untracked 
|  11|0x00000000a2500000, 0x00000000a2500000, 0x00000000a2600000|  0%| F|  |TAMS 0x00000000a2500000, 0x00000000a2500000| Untracked 
|  12|0x00000000a2600000, 0x00000000a2600000, 0x00000000a2700000|  0%| F|  |TAMS 0x00000000a2600000, 0x00000000a2600000| Untracked 
|  13|0x00000000a2700000, 0x00000000a2700000, 0x00000000a2800000|  0%| F|  |TAMS 0x00000000a2700000, 0x00000000a2700000| Untracked 
|  14|0x00000000a2800000, 0x00000000a2800000, 0x00000000a2900000|  0%| F|  |TAMS 0x00000000a2800000, 0x00000000a2800000| Untracked 
|  15|0x00000000a2900000, 0x00000000a2900000, 0x00000000a2a00000|  0%| F|  |TAMS 0x00000000a2900000, 0x00000000a2900000| Untracked 
|  16|0x00000000a2a00000, 0x00000000a2a00000, 0x00000000a2b00000|  0%| F|  |TAMS 0x00000000a2a00000, 0x00000000a2a00000| Untracked 
|  17|0x00000000a2b00000, 0x00000000a2b00000, 0x00000000a2c00000|  0%| F|  |TAMS 0x00000000a2b00000, 0x00000000a2b00000| Untracked 
|  18|0x00000000a2c00000, 0x00000000a2c00000, 0x00000000a2d00000|  0%| F|  |TAMS 0x00000000a2c00000, 0x00000000a2c00000| Untracked 
|  19|0x00000000a2d00000, 0x00000000a2d00000, 0x00000000a2e00000|  0%| F|  |TAMS 0x00000000a2d00000, 0x00000000a2d00000| Untracked 
|  20|0x00000000a2e00000, 0x00000000a2e00000, 0x00000000a2f00000|  0%| F|  |TAMS 0x00000000a2e00000, 0x00000000a2e00000| Untracked 
|  21|0x00000000a2f00000, 0x00000000a2f00000, 0x00000000a3000000|  0%| F|  |TAMS 0x00000000a2f00000, 0x00000000a2f00000| Untracked 
|  22|0x00000000a3000000, 0x00000000a3000000, 0x00000000a3100000|  0%| F|  |TAMS 0x00000000a3000000, 0x00000000a3000000| Untracked 
|  23|0x00000000a3100000, 0x00000000a3100000, 0x00000000a3200000|  0%| F|  |TAMS 0x00000000a3100000, 0x00000000a3100000| Untracked 
|  24|0x00000000a3200000, 0x00000000a3200000, 0x00000000a3300000|  0%| F|  |TAMS 0x00000000a3200000, 0x00000000a3200000| Untracked 
|  25|0x00000000a3300000, 0x00000000a3300000, 0x00000000a3400000|  0%| F|  |TAMS 0x00000000a3300000, 0x00000000a3300000| Untracked 
|  26|0x00000000a3400000, 0x00000000a3400000, 0x00000000a3500000|  0%| F|  |TAMS 0x00000000a3400000, 0x00000000a3400000| Untracked 
|  27|0x00000000a3500000, 0x00000000a3500000, 0x00000000a3600000|  0%| F|  |TAMS 0x00000000a3500000, 0x00000000a3500000| Untracked 
|  28|0x00000000a3600000, 0x00000000a3600000, 0x00000000a3700000|  0%| F|  |TAMS 0x00000000a3600000, 0x00000000a3600000| Untracked 
|  29|0x00000000a3700000, 0x00000000a3700000, 0x00000000a3800000|  0%| F|  |TAMS 0x00000000a3700000, 0x00000000a3700000| Untracked 
|  30|0x00000000a3800000, 0x00000000a3800000, 0x00000000a3900000|  0%| F|  |TAMS 0x00000000a3800000, 0x00000000a3800000| Untracked 
|  31|0x00000000a3900000, 0x00000000a3900000, 0x00000000a3a00000|  0%| F|  |TAMS 0x00000000a3900000, 0x00000000a3900000| Untracked 
|  32|0x00000000a3a00000, 0x00000000a3a00000, 0x00000000a3b00000|  0%| F|  |TAMS 0x00000000a3a00000, 0x00000000a3a00000| Untracked 
|  33|0x00000000a3b00000, 0x00000000a3b00000, 0x00000000a3c00000|  0%| F|  |TAMS 0x00000000a3b00000, 0x00000000a3b00000| Untracked 
|  34|0x00000000a3c00000, 0x00000000a3c00000, 0x00000000a3d00000|  0%| F|  |TAMS 0x00000000a3c00000, 0x00000000a3c00000| Untracked 
|  35|0x00000000a3d00000, 0x00000000a3d00000, 0x00000000a3e00000|  0%| F|  |TAMS 0x00000000a3d00000, 0x00000000a3d00000| Untracked 
|  36|0x00000000a3e00000, 0x00000000a3e00000, 0x00000000a3f00000|  0%| F|  |TAMS 0x00000000a3e00000, 0x00000000a3e00000| Untracked 
|  37|0x00000000a3f00000, 0x00000000a3f00000, 0x00000000a4000000|  0%| F|  |TAMS 0x00000000a3f00000, 0x00000000a3f00000| Untracked 
|  38|0x00000000a4000000, 0x00000000a4000000, 0x00000000a4100000|  0%| F|  |TAMS 0x00000000a4000000, 0x00000000a4000000| Untracked 
|  39|0x00000000a4100000, 0x00000000a4100000, 0x00000000a4200000|  0%| F|  |TAMS 0x00000000a4100000, 0x00000000a4100000| Untracked 
|  40|0x00000000a4200000, 0x00000000a4200000, 0x00000000a4300000|  0%| F|  |TAMS 0x00000000a4200000, 0x00000000a4200000| Untracked 
|  41|0x00000000a4300000, 0x00000000a4300000, 0x00000000a4400000|  0%| F|  |TAMS 0x00000000a4300000, 0x00000000a4300000| Untracked 
|  42|0x00000000a4400000, 0x00000000a4400000, 0x00000000a4500000|  0%| F|  |TAMS 0x00000000a4400000, 0x00000000a4400000| Untracked 
|  43|0x00000000a4500000, 0x00000000a4500000, 0x00000000a4600000|  0%| F|  |TAMS 0x00000000a4500000, 0x00000000a4500000| Untracked 
|  44|0x00000000a4600000, 0x00000000a4600000, 0x00000000a4700000|  0%| F|  |TAMS 0x00000000a4600000, 0x00000000a4600000| Untracked 
|  45|0x00000000a4700000, 0x00000000a4700000, 0x00000000a4800000|  0%| F|  |TAMS 0x00000000a4700000, 0x00000000a4700000| Untracked 
|  46|0x00000000a4800000, 0x00000000a4800000, 0x00000000a4900000|  0%| F|  |TAMS 0x00000000a4800000, 0x00000000a4800000| Untracked 
|  47|0x00000000a4900000, 0x00000000a4900000, 0x00000000a4a00000|  0%| F|  |TAMS 0x00000000a4900000, 0x00000000a4900000| Untracked 
|  48|0x00000000a4a00000, 0x00000000a4a00000, 0x00000000a4b00000|  0%| F|  |TAMS 0x00000000a4a00000, 0x00000000a4a00000| Untracked 
|  49|0x00000000a4b00000, 0x00000000a4b00000, 0x00000000a4c00000|  0%| F|  |TAMS 0x00000000a4b00000, 0x00000000a4b00000| Untracked 
|  50|0x00000000a4c00000, 0x00000000a4c00000, 0x00000000a4d00000|  0%| F|  |TAMS 0x00000000a4c00000, 0x00000000a4c00000| Untracked 
|  51|0x00000000a4d00000, 0x00000000a4d00000, 0x00000000a4e00000|  0%| F|  |TAMS 0x00000000a4d00000, 0x00000000a4d00000| Untracked 
|  52|0x00000000a4e00000, 0x00000000a4e00000, 0x00000000a4f00000|  0%| F|  |TAMS 0x00000000a4e00000, 0x00000000a4e00000| Untracked 
|  53|0x00000000a4f00000, 0x00000000a4f00000, 0x00000000a5000000|  0%| F|  |TAMS 0x00000000a4f00000, 0x00000000a4f00000| Untracked 
|  54|0x00000000a5000000, 0x00000000a5000000, 0x00000000a5100000|  0%| F|  |TAMS 0x00000000a5000000, 0x00000000a5000000| Untracked 
|  55|0x00000000a5100000, 0x00000000a5100000, 0x00000000a5200000|  0%| F|  |TAMS 0x00000000a5100000, 0x00000000a5100000| Untracked 
|  56|0x00000000a5200000, 0x00000000a5200000, 0x00000000a5300000|  0%| F|  |TAMS 0x00000000a5200000, 0x00000000a5200000| Untracked 
|  57|0x00000000a5300000, 0x00000000a5300000, 0x00000000a5400000|  0%| F|  |TAMS 0x00000000a5300000, 0x00000000a5300000| Untracked 
|  58|0x00000000a5400000, 0x00000000a5400000, 0x00000000a5500000|  0%| F|  |TAMS 0x00000000a5400000, 0x00000000a5400000| Untracked 
|  59|0x00000000a5500000, 0x00000000a5500000, 0x00000000a5600000|  0%| F|  |TAMS 0x00000000a5500000, 0x00000000a5500000| Untracked 
|  60|0x00000000a5600000, 0x00000000a5600000, 0x00000000a5700000|  0%| F|  |TAMS 0x00000000a5600000, 0x00000000a5600000| Untracked 
|  61|0x00000000a5700000, 0x00000000a5700000, 0x00000000a5800000|  0%| F|  |TAMS 0x00000000a5700000, 0x00000000a5700000| Untracked 
|  62|0x00000000a5800000, 0x00000000a5800000, 0x00000000a5900000|  0%| F|  |TAMS 0x00000000a5800000, 0x00000000a5800000| Untracked 
|  63|0x00000000a5900000, 0x00000000a5900000, 0x00000000a5a00000|  0%| F|  |TAMS 0x00000000a5900000, 0x00000000a5900000| Untracked 
|  64|0x00000000a5a00000, 0x00000000a5a00000, 0x00000000a5b00000|  0%| F|  |TAMS 0x00000000a5a00000, 0x00000000a5a00000| Untracked 
|  65|0x00000000a5b00000, 0x00000000a5b00000, 0x00000000a5c00000|  0%| F|  |TAMS 0x00000000a5b00000, 0x00000000a5b00000| Untracked 
|  66|0x00000000a5c00000, 0x00000000a5c00000, 0x00000000a5d00000|  0%| F|  |TAMS 0x00000000a5c00000, 0x00000000a5c00000| Untracked 
|  67|0x00000000a5d00000, 0x00000000a5d00000, 0x00000000a5e00000|  0%| F|  |TAMS 0x00000000a5d00000, 0x00000000a5d00000| Untracked 
|  68|0x00000000a5e00000, 0x00000000a5e00000, 0x00000000a5f00000|  0%| F|  |TAMS 0x00000000a5e00000, 0x00000000a5e00000| Untracked 
|  69|0x00000000a5f00000, 0x00000000a5f00000, 0x00000000a6000000|  0%| F|  |TAMS 0x00000000a5f00000, 0x00000000a5f00000| Untracked 
|  70|0x00000000a6000000, 0x00000000a6000000, 0x00000000a6100000|  0%| F|  |TAMS 0x00000000a6000000, 0x00000000a6000000| Untracked 
|  71|0x00000000a6100000, 0x00000000a6100000, 0x00000000a6200000|  0%| F|  |TAMS 0x00000000a6100000, 0x00000000a6100000| Untracked 
|  72|0x00000000a6200000, 0x00000000a6200000, 0x00000000a6300000|  0%| F|  |TAMS 0x00000000a6200000, 0x00000000a6200000| Untracked 
|  73|0x00000000a6300000, 0x00000000a6300000, 0x00000000a6400000|  0%| F|  |TAMS 0x00000000a6300000, 0x00000000a6300000| Untracked 
|  74|0x00000000a6400000, 0x00000000a6400000, 0x00000000a6500000|  0%| F|  |TAMS 0x00000000a6400000, 0x00000000a6400000| Untracked 
|  75|0x00000000a6500000, 0x00000000a6500000, 0x00000000a6600000|  0%| F|  |TAMS 0x00000000a6500000, 0x00000000a6500000| Untracked 
|  76|0x00000000a6600000, 0x00000000a6600000, 0x00000000a6700000|  0%| F|  |TAMS 0x00000000a6600000, 0x00000000a6600000| Untracked 
|  77|0x00000000a6700000, 0x00000000a6700000, 0x00000000a6800000|  0%| F|  |TAMS 0x00000000a6700000, 0x00000000a6700000| Untracked 
|  78|0x00000000a6800000, 0x00000000a6800000, 0x00000000a6900000|  0%| F|  |TAMS 0x00000000a6800000, 0x00000000a6800000| Untracked 
|  79|0x00000000a6900000, 0x00000000a6900000, 0x00000000a6a00000|  0%| F|  |TAMS 0x00000000a6900000, 0x00000000a6900000| Untracked 
|  80|0x00000000a6a00000, 0x00000000a6a00000, 0x00000000a6b00000|  0%| F|  |TAMS 0x00000000a6a00000, 0x00000000a6a00000| Untracked 
|  81|0x00000000a6b00000, 0x00000000a6b00000, 0x00000000a6c00000|  0%| F|  |TAMS 0x00000000a6b00000, 0x00000000a6b00000| Untracked 
|  82|0x00000000a6c00000, 0x00000000a6c00000, 0x00000000a6d00000|  0%| F|  |TAMS 0x00000000a6c00000, 0x00000000a6c00000| Untracked 
|  83|0x00000000a6d00000, 0x00000000a6d00000, 0x00000000a6e00000|  0%| F|  |TAMS 0x00000000a6d00000, 0x00000000a6d00000| Untracked 
|  84|0x00000000a6e00000, 0x00000000a6e00000, 0x00000000a6f00000|  0%| F|  |TAMS 0x00000000a6e00000, 0x00000000a6e00000| Untracked 
|  85|0x00000000a6f00000, 0x00000000a6f00000, 0x00000000a7000000|  0%| F|  |TAMS 0x00000000a6f00000, 0x00000000a6f00000| Untracked 
|  86|0x00000000a7000000, 0x00000000a7000000, 0x00000000a7100000|  0%| F|  |TAMS 0x00000000a7000000, 0x00000000a7000000| Untracked 
|  87|0x00000000a7100000, 0x00000000a7100000, 0x00000000a7200000|  0%| F|  |TAMS 0x00000000a7100000, 0x00000000a7100000| Untracked 
|  88|0x00000000a7200000, 0x00000000a7200000, 0x00000000a7300000|  0%| F|  |TAMS 0x00000000a7200000, 0x00000000a7200000| Untracked 
|  89|0x00000000a7300000, 0x00000000a7300000, 0x00000000a7400000|  0%| F|  |TAMS 0x00000000a7300000, 0x00000000a7300000| Untracked 
|  90|0x00000000a7400000, 0x00000000a7400000, 0x00000000a7500000|  0%| F|  |TAMS 0x00000000a7400000, 0x00000000a7400000| Untracked 
|  91|0x00000000a7500000, 0x00000000a7500000, 0x00000000a7600000|  0%| F|  |TAMS 0x00000000a7500000, 0x00000000a7500000| Untracked 
|  92|0x00000000a7600000, 0x00000000a7600000, 0x00000000a7700000|  0%| F|  |TAMS 0x00000000a7600000, 0x00000000a7600000| Untracked 
|  93|0x00000000a7700000, 0x00000000a7700000, 0x00000000a7800000|  0%| F|  |TAMS 0x00000000a7700000, 0x00000000a7700000| Untracked 
|  94|0x00000000a7800000, 0x00000000a7800000, 0x00000000a7900000|  0%| F|  |TAMS 0x00000000a7800000, 0x00000000a7800000| Untracked 
|  95|0x00000000a7900000, 0x00000000a79d72c0, 0x00000000a7a00000| 84%| E|  |TAMS 0x00000000a7900000, 0x00000000a7900000| Complete 

Card table byte_map: [0x0000023ee7750000,0x0000023ee7a50000] _byte_map_base: 0x0000023ee7243000

Marking Bits (Prev, Next): (CMBitMap*) 0x0000023ed313a9b0, (CMBitMap*) 0x0000023ed313a9f0
 Prev Bits: [0x0000023ee7d50000, 0x0000023ee94e8000)
 Next Bits: [0x0000023ee94f0000, 0x0000023eeac88000)

Polling page: 0x0000023ed2ed0000

Metaspace:

Usage:
  Non-class:      4.05 MB used.
      Class:    382.87 KB used.
       Both:      4.42 MB used.

Virtual space:
  Non-class space:        8.00 MB reserved,       4.06 MB ( 51%) committed,  1 nodes.
      Class space:        1.00 GB reserved,     384.00 KB ( <1%) committed,  1 nodes.
             Both:        1.01 GB reserved,       4.44 MB ( <1%) committed. 

Chunk freelists:
   Non-Class:  3.00 MB
       Class:  3.56 MB
        Both:  6.56 MB

MaxMetaspaceSize: unlimited
CompressedClassSpaceSize: 1.00 GB
Initial GC threshold: 21.00 MB
Current GC threshold: 21.00 MB
CDS: off
MetaspaceReclaimPolicy: balanced
 - commit_granule_bytes: 65536.
 - commit_granule_words: 8192.
 - virtual_space_node_default_size: 1048576.
 - enlarge_chunks_in_place: 1.
 - new_chunks_are_fully_committed: 0.
 - uncommit_free_chunks: 1.
 - use_allocation_guard: 0.
 - handle_deallocations: 1.


Internal statistics:

num_allocs_failed_limit: 0.
num_arena_births: 2.
num_arena_deaths: 0.
num_vsnodes_births: 2.
num_vsnodes_deaths: 0.
num_space_committed: 71.
num_space_uncommitted: 0.
num_chunks_returned_to_freelist: 0.
num_chunks_taken_from_freelist: 5.
num_chunk_merges: 0.
num_chunk_splits: 2.
num_chunks_enlarged: 0.
num_purges: 0.
num_inconsistent_stats: 0.

CodeHeap 'non-profiled nmethods': size=120064Kb used=11Kb max_used=11Kb free=120052Kb
 bounds [0x0000023edfb10000, 0x0000023edfd80000, 0x0000023ee7050000]
CodeHeap 'profiled nmethods': size=120000Kb used=96Kb max_used=96Kb free=119903Kb
 bounds [0x0000023ed85e0000, 0x0000023ed8850000, 0x0000023edfb10000]
CodeHeap 'non-nmethods': size=5696Kb used=1046Kb max_used=1046Kb free=4649Kb
 bounds [0x0000023ed8050000, 0x0000023ed82c0000, 0x0000023ed85e0000]
 total_blobs=379 nmethods=73 adapters=220
 compilation: enabled
              stopped_count=0, restarted_count=0
 full_count=0

Compilation events (20 events):
Event: 0.245 Thread 0x0000023eed0a2630   63       3       java.util.HashSet::add (20 bytes)
Event: 0.245 Thread 0x0000023eed0a2630 nmethod 63 0x0000023ed85f5510 code [0x0000023ed85f56c0, 0x0000023ed85f5888]
Event: 0.245 Thread 0x0000023eed0a2630   65       3       java.util.AbstractMap::<init> (5 bytes)
Event: 0.245 Thread 0x0000023eed0a2630 nmethod 65 0x0000023ed85f5990 code [0x0000023ed85f5b20, 0x0000023ed85f5c78]
Event: 0.245 Thread 0x0000023eed0a2630   64       3       java.util.Optional::orElse (16 bytes)
Event: 0.245 Thread 0x0000023eed0a2630 nmethod 64 0x0000023ed85f5d10 code [0x0000023ed85f5ea0, 0x0000023ed85f6018]
Event: 0.247 Thread 0x0000023eed0a2630   66       3       java.util.ImmutableCollections$Set12::iterator (9 bytes)
Event: 0.248 Thread 0x0000023eed0a2630 nmethod 66 0x0000023ed85f6090 code [0x0000023ed85f6240, 0x0000023ed85f6518]
Event: 0.248 Thread 0x0000023eed0a2630   67       3       java.util.ImmutableCollections$Set12$1::<init> (32 bytes)
Event: 0.248 Thread 0x0000023eed0a2630 nmethod 67 0x0000023ed85f6610 code [0x0000023ed85f67c0, 0x0000023ed85f69f8]
Event: 0.248 Thread 0x0000023eed0a2630   69       1       java.util.ImmutableCollections$Set12::isEmpty (2 bytes)
Event: 0.248 Thread 0x0000023eed0a2630 nmethod 69 0x0000023edfb12c90 code [0x0000023edfb12e20, 0x0000023edfb12ef8]
Event: 0.275 Thread 0x0000023eed0a2630   70       3       java.lang.String::isLatin1 (19 bytes)
Event: 0.275 Thread 0x0000023eed0a2630 nmethod 70 0x0000023ed85f6b10 code [0x0000023ed85f6ca0, 0x0000023ed85f6e18]
Event: 0.275 Thread 0x0000023eed0a2630   71       3       java.lang.StringLatin1::indexOfChar (33 bytes)
Event: 0.275 Thread 0x0000023eed0a2630 nmethod 71 0x0000023ed85f6e90 code [0x0000023ed85f7040, 0x0000023ed85f7278]
Event: 0.284 Thread 0x0000023eed0a2630   72       3       java.lang.String::indexOf (29 bytes)
Event: 0.285 Thread 0x0000023eed0a2630 nmethod 72 0x0000023ed85f7390 code [0x0000023ed85f7560, 0x0000023ed85f77f8]
Event: 0.285 Thread 0x0000023eed0a2630   73       3       java.lang.StringLatin1::indexOf (36 bytes)
Event: 0.285 Thread 0x0000023eed0a2630 nmethod 73 0x0000023ed85f7910 code [0x0000023ed85f7ae0, 0x0000023ed85f7f18]

GC Heap History (0 events):
No events

Deoptimization events (0 events):
No events

Classes unloaded (0 events):
No events

Classes redefined (0 events):
No events

Internal exceptions (0 events):
No events

VM Operations (0 events):
No events

Events (20 events):
Event: 0.296 loading class java/util/zip/ZipFile$Source$End done
Event: 0.297 loading class java/util/zip/ZipUtils
Event: 0.297 loading class java/util/zip/ZipUtils done
Event: 0.297 loading class java/util/concurrent/TimeUnit
Event: 0.297 loading class java/util/concurrent/TimeUnit done
Event: 0.298 loading class java/nio/file/attribute/FileTime
Event: 0.298 loading class java/nio/file/attribute/FileTime done
Event: 0.298 loading class jdk/internal/perf/PerfCounter
Event: 0.298 loading class jdk/internal/perf/PerfCounter done
Event: 0.298 loading class jdk/internal/perf/Perf$GetPerfAction
Event: 0.298 loading class jdk/internal/perf/Perf$GetPerfAction done
Event: 0.298 loading class jdk/internal/perf/Perf
Event: 0.298 loading class jdk/internal/perf/Perf done
Event: 0.299 loading class jdk/internal/perf/PerfCounter$CoreCounters
Event: 0.299 loading class jdk/internal/perf/PerfCounter$CoreCounters done
Event: 0.299 loading class sun/nio/ch/DirectBuffer
Event: 0.299 loading class sun/nio/ch/DirectBuffer done
Event: 0.299 loading class java/nio/DirectByteBuffer
Event: 0.299 loading class java/nio/MappedByteBuffer
Event: 0.300 loading class java/nio/MappedByteBuffer done


Dynamic libraries:
0x00007ff6e1e60000 - 0x00007ff6e1e6a000 	C:\Program Files\JetBrains\IntelliJ IDEA Community Edition 2022.2.1\jbr\bin\java.exe
0x00007ffc6b070000 - 0x00007ffc6b268000 	C:\Windows\SYSTEM32\ntdll.dll
0x00007ffc6af70000 - 0x00007ffc6b02f000 	C:\Windows\System32\KERNEL32.DLL
0x00007ffc68d60000 - 0x00007ffc6903a000 	C:\Windows\System32\KERNELBASE.dll
0x00007ffc68bc0000 - 0x00007ffc68cc0000 	C:\Windows\System32\ucrtbase.dll
0x00007ffc51d90000 - 0x00007ffc51da7000 	C:\Program Files\JetBrains\IntelliJ IDEA Community Edition 2022.2.1\jbr\bin\jli.dll
0x00007ffc69e50000 - 0x00007ffc69fed000 	C:\Windows\System32\USER32.dll
0x00007ffc68900000 - 0x00007ffc68922000 	C:\Windows\System32\win32u.dll
0x00007ffc6a5c0000 - 0x00007ffc6a5eb000 	C:\Windows\System32\GDI32.dll
0x00007ffc687f0000 - 0x00007ffc68900000 	C:\Windows\System32\gdi32full.dll
0x00007ffc68cc0000 - 0x00007ffc68d5d000 	C:\Windows\System32\msvcp_win.dll
0x00007ffc56260000 - 0x00007ffc564fa000 	C:\Windows\WinSxS\amd64_microsoft.windows.common-controls_6595b64144ccf1df_6.0.19041.1110_none_60b5254171f9507e\COMCTL32.dll
0x00007ffc6a490000 - 0x00007ffc6a52e000 	C:\Windows\System32\msvcrt.dll
0x00007ffc4d950000 - 0x00007ffc4d96b000 	C:\Program Files\JetBrains\IntelliJ IDEA Community Edition 2022.2.1\jbr\bin\VCRUNTIME140.dll
0x00007ffc6a590000 - 0x00007ffc6a5c0000 	C:\Windows\System32\IMM32.DLL
0x00007ffc55aa0000 - 0x00007ffc55aac000 	C:\Program Files\JetBrains\IntelliJ IDEA Community Edition 2022.2.1\jbr\bin\vcruntime140_1.dll
0x00007ffc49ba0000 - 0x00007ffc49c2d000 	C:\Program Files\JetBrains\IntelliJ IDEA Community Edition 2022.2.1\jbr\bin\msvcp140.dll
0x00007ffc2f840000 - 0x00007ffc304a8000 	C:\Program Files\JetBrains\IntelliJ IDEA Community Edition 2022.2.1\jbr\bin\server\jvm.dll
0x00007ffc6a0a0000 - 0x00007ffc6a14e000 	C:\Windows\System32\ADVAPI32.dll
0x00007ffc69c10000 - 0x00007ffc69cac000 	C:\Windows\System32\sechost.dll
0x00007ffc69ae0000 - 0x00007ffc69c06000 	C:\Windows\System32\RPCRT4.dll
0x00007ffc69d10000 - 0x00007ffc69d18000 	C:\Windows\System32\PSAPI.DLL
0x00007ffc58f20000 - 0x00007ffc58f47000 	C:\Windows\SYSTEM32\WINMM.dll
0x00007ffc64060000 - 0x00007ffc64069000 	C:\Windows\SYSTEM32\WSOCK32.dll
0x00007ffc69a70000 - 0x00007ffc69adb000 	C:\Windows\System32\WS2_32.dll
0x00007ffc59000000 - 0x00007ffc5900a000 	C:\Windows\SYSTEM32\VERSION.dll
0x00007ffc66640000 - 0x00007ffc66652000 	C:\Windows\SYSTEM32\kernel.appcore.dll
0x00007ffc644f0000 - 0x00007ffc644fa000 	C:\Program Files\JetBrains\IntelliJ IDEA Community Edition 2022.2.1\jbr\bin\jimage.dll
0x00007ffc57730000 - 0x00007ffc57914000 	C:\Windows\SYSTEM32\DBGHELP.DLL
0x00007ffc570d0000 - 0x00007ffc57104000 	C:\Windows\SYSTEM32\dbgcore.DLL
0x00007ffc69040000 - 0x00007ffc690c2000 	C:\Windows\System32\bcryptPrimitives.dll
0x00007ffc60b80000 - 0x00007ffc60ba5000 	C:\Program Files\JetBrains\IntelliJ IDEA Community Edition 2022.2.1\jbr\bin\java.dll
0x00007ffc64070000 - 0x00007ffc64088000 	C:\Program Files\JetBrains\IntelliJ IDEA Community Edition 2022.2.1\jbr\bin\zip.dll
0x00007ffc6a820000 - 0x00007ffc6af64000 	C:\Windows\System32\SHELL32.dll
0x00007ffc66840000 - 0x00007ffc66fd3000 	C:\Windows\SYSTEM32\windows.storage.dll
0x00007ffc696a0000 - 0x00007ffc699f4000 	C:\Windows\System32\combase.dll
0x00007ffc68100000 - 0x00007ffc6812e000 	C:\Windows\SYSTEM32\Wldp.dll
0x00007ffc69ff0000 - 0x00007ffc6a09d000 	C:\Windows\System32\SHCORE.dll
0x00007ffc6a5f0000 - 0x00007ffc6a645000 	C:\Windows\System32\shlwapi.dll
0x00007ffc686c0000 - 0x00007ffc686df000 	C:\Windows\SYSTEM32\profapi.dll
0x00007ffc63c50000 - 0x00007ffc63c69000 	C:\Program Files\JetBrains\IntelliJ IDEA Community Edition 2022.2.1\jbr\bin\net.dll
0x00007ffc60030000 - 0x00007ffc6013a000 	C:\Windows\SYSTEM32\WINHTTP.dll
0x00007ffc62930000 - 0x00007ffc62946000 	C:\Program Files\JetBrains\IntelliJ IDEA Community Edition 2022.2.1\jbr\bin\nio.dll
0x00007ffc67e60000 - 0x00007ffc67eca000 	C:\Windows\SYSTEM32\MSWSOCK.dll

dbghelp: loaded successfully - version: 4.0.5 - missing functions: none
symbol engine: initialized successfully - sym options: 0x614 - pdb path: .;C:\Program Files\JetBrains\IntelliJ IDEA Community Edition 2022.2.1\jbr\bin;C:\Windows\SYSTEM32;C:\Windows\WinSxS\amd64_microsoft.windows.common-controls_6595b64144ccf1df_6.0.19041.1110_none_60b5254171f9507e;C:\Program Files\JetBrains\IntelliJ IDEA Community Edition 2022.2.1\jbr\bin\server

VM Arguments:
java_command: git4idea.http.GitAskPassApp Username for 'https://github.com': 
java_class_path (initial): C:/Program Files/JetBrains/IntelliJ IDEA Community Edition 2022.2.1/plugins/git4idea/lib/git4idea-rt.jar;C:/Program Files/JetBrains/IntelliJ IDEA Community Edition 2022.2.1/lib/externalProcess-rt.jar;C:/Program Files/JetBrains/IntelliJ IDEA Community Edition 2022.2.1/lib/app.jar;C:/Program Files/JetBrains/IntelliJ IDEA Community Edition 2022.2.1/lib/3rd-party-rt.jar
Launcher Type: SUN_STANDARD

[Global flags]
     intx CICompilerCount                          = 2                                         {product} {ergonomic}
     uint ConcGCThreads                            = 1                                         {product} {ergonomic}
     uint G1ConcRefinementThreads                  = 2                                         {product} {ergonomic}
   size_t G1HeapRegionSize                         = 1048576                                   {product} {ergonomic}
    uintx GCDrainStackTargetSize                   = 64                                        {product} {ergonomic}
   size_t InitialHeapSize                          = 100663296                                 {product} {ergonomic}
   size_t MarkStackSize                            = 4194304                                   {product} {ergonomic}
   size_t MaxHeapSize                              = 1583349760                                {product} {ergonomic}
   size_t MaxNewSize                               = 950009856                                 {product} {ergonomic}
   size_t MinHeapDeltaBytes                        = 1048576                                   {product} {ergonomic}
   size_t MinHeapSize                              = 8388608                                   {product} {ergonomic}
    uintx NonNMethodCodeHeapSize                   = 5826188                                {pd product} {ergonomic}
    uintx NonProfiledCodeHeapSize                  = 122916026                              {pd product} {ergonomic}
    uintx ProfiledCodeHeapSize                     = 122916026                              {pd product} {ergonomic}
    uintx ReservedCodeCacheSize                    = 251658240                              {pd product} {ergonomic}
     bool SegmentedCodeCache                       = true                                      {product} {ergonomic}
   size_t SoftMaxHeapSize                          = 1583349760                             {manageable} {ergonomic}
     bool UseCompressedClassPointers               = true                           {product lp64_product} {ergonomic}
     bool UseCompressedOops                        = true                           {product lp64_product} {ergonomic}
     bool UseG1GC                                  = true                                      {product} {ergonomic}
     bool UseLargePagesIndividualAllocation        = false                                  {pd product} {ergonomic}

Logging:
Log output configuration:
 #0: stdout all=warning uptime,level,tags
 #1: stderr all=off uptime,level,tags

Environment Variables:
PATH=C:\Program Files\Git\mingw64\libexec\git-core;C:\Program Files\Git\mingw64\libexec\git-core;C:\Program Files\Git\mingw64\bin;C:\Program Files\Git\usr\bin;C:\Users\Utente-PC\bin;C:\Program Files\Common Files\Oracle\Java\javapath;C:\Program Files (x86)\NVIDIA Corporation\PhysX\Common;C:\Windows\system32;C:\Windows;C:\Windows\System32\Wbem;C:\Windows\System32\WindowsPowerShell\v1.0;C:\Program Files\nodejs;C:\Program Files\Git\cmd;C:\Program Files\MySQL\MySQL Shell 8.0\bin;C:\Users\Utente-PC\AppData\Local\Microsoft\WindowsApps;C:\Users\Utente-PC\AppData\Local\Programs\Microsoft VS Code\bin;C:\Users\Utente-PC\AppData\Roaming\npm
USERNAME=Utente-PC
DISPLAY=:0.0
LC_ALL=en_US.UTF-8
OS=Windows_NT
PROCESSOR_IDENTIFIER=Intel64 Family 6 Model 42 Stepping 7, GenuineIntel



---------------  S Y S T E M  ---------------

OS:
 Windows 10 , 64 bit Build 19041 (10.0.19041.2788)
OS uptime: 0 days 7:36 hours

CPU: total 2 (initial active 2) (2 cores per cpu, 1 threads per core) family 6 model 42 stepping 7 microcode 0x2f, cx8, cmov, fxsr, mmx, sse, sse2, sse3, ssse3, sse4.1, sse4.2, popcnt, tsc, tscinvbit, clmul, clflush

Memory: 4k page, system-wide physical 6033M (959M free)
TotalPageFile size 6033M (AvailPageFile size 2M)
current process WorkingSet (physical memory assigned to process): 28M, peak: 28M
current process commit charge ("private bytes"): 156M, peak: 156M

vm_info: OpenJDK 64-Bit Server VM (17.0.3+7-b469.37) for windows-amd64 JRE (17.0.3+7-b469.37), built on 2022-08-01 by "builduser" with MS VC++ 16.10 / 16.11 (VS2019)

END.
